This is pdfTeX, Version 3.14159265-2.6-1.40.20 (TeX Live 2019/NixOS.org) (preloaded format=pdflatex 2020.5.2)  2 JUN 2020 16:50
entering extended mode
 \write18 enabled.
 %&-line parsing enabled.
**report
(./report.tex
LaTeX2e <2020-02-02> patch level 5
L3 programming layer <2020-02-25>
(/nix/store/m1bwnvsl9za5cqnpp2i1s1y125gp4jpn-texlive-combined-full-2019/share/t
exmf/tex/latex/base/article.cls
Document Class: article 2019/12/20 v1.4l Standard LaTeX document class

(/nix/store/m1bwnvsl9za5cqnpp2i1s1y125gp4jpn-texlive-combined-full-2019/share/t
exmf/tex/latex/base/size12.clo
File: size12.clo 2019/12/20 v1.4l Standard LaTeX file (size option)
)
\c@part=\count167
\c@section=\count168
\c@subsection=\count169
\c@subsubsection=\count170
\c@paragraph=\count171
\c@subparagraph=\count172
\c@figure=\count173
\c@table=\count174
\abovecaptionskip=\skip47
\belowcaptionskip=\skip48
\bibindent=\dimen134
)
(/nix/store/m1bwnvsl9za5cqnpp2i1s1y125gp4jpn-texlive-combined-full-2019/share/t
exmf/tex/latex/base/inputenc.sty
Package: inputenc 2018/08/11 v1.3c Input encoding file
\inpenc@prehook=\toks15
\inpenc@posthook=\toks16
)
(/nix/store/m1bwnvsl9za5cqnpp2i1s1y125gp4jpn-texlive-combined-full-2019/share/t
exmf/tex/generic/babel/babel.sty
Package: babel 2020/02/28 3.41 The Babel package

(/nix/store/m1bwnvsl9za5cqnpp2i1s1y125gp4jpn-texlive-combined-full-2019/share/t
exmf/tex/generic/babel/switch.def
File: switch.def 2020/02/28 3.41 Babel switching mechanism
)
(/nix/store/m1bwnvsl9za5cqnpp2i1s1y125gp4jpn-texlive-combined-full-2019/share/t
exmf/tex/generic/babel-english/english.ldf
Language: english 2017/06/06 v3.3r English support from the babel system

(/nix/store/m1bwnvsl9za5cqnpp2i1s1y125gp4jpn-texlive-combined-full-2019/share/t
exmf/tex/generic/babel/babel.def
File: babel.def 2020/02/28 3.41 Babel common definitions
\babel@savecnt=\count175
\U@D=\dimen135

(/nix/store/m1bwnvsl9za5cqnpp2i1s1y125gp4jpn-texlive-combined-full-2019/share/t
exmf/tex/generic/babel/txtbabel.def)
\bbl@readstream=\read2
\bbl@dirlevel=\count176
)
Package babel Info: \l@canadian = using hyphenrules for english
(babel)             (\language0) on input line 102.
Package babel Info: \l@australian = using hyphenrules for ukenglish
(babel)             (\language21) on input line 105.
Package babel Info: \l@newzealand = using hyphenrules for ukenglish
(babel)             (\language21) on input line 108.
))
(/nix/store/m1bwnvsl9za5cqnpp2i1s1y125gp4jpn-texlive-combined-full-2019/share/t
exmf/tex/latex/amsmath/amsmath.sty
Package: amsmath 2020/01/20 v2.17e AMS math features
\@mathmargin=\skip49

For additional information on amsmath, use the `?' option.

(/nix/store/m1bwnvsl9za5cqnpp2i1s1y125gp4jpn-texlive-combined-full-2019/share/t
exmf/tex/latex/amsmath/amstext.sty
Package: amstext 2000/06/29 v2.01 AMS text

(/nix/store/m1bwnvsl9za5cqnpp2i1s1y125gp4jpn-texlive-combined-full-2019/share/t
exmf/tex/latex/amsmath/amsgen.sty
File: amsgen.sty 1999/11/30 v2.0 generic functions
\@emptytoks=\toks17
\ex@=\dimen136
))
(/nix/store/m1bwnvsl9za5cqnpp2i1s1y125gp4jpn-texlive-combined-full-2019/share/t
exmf/tex/latex/amsmath/amsbsy.sty
Package: amsbsy 1999/11/29 v1.2d Bold Symbols
\pmbraise@=\dimen137
)
(/nix/store/m1bwnvsl9za5cqnpp2i1s1y125gp4jpn-texlive-combined-full-2019/share/t
exmf/tex/latex/amsmath/amsopn.sty
Package: amsopn 2016/03/08 v2.02 operator names
)
\inf@bad=\count177
LaTeX Info: Redefining \frac on input line 227.
\uproot@=\count178
\leftroot@=\count179
LaTeX Info: Redefining \overline on input line 389.
\classnum@=\count180
\DOTSCASE@=\count181
LaTeX Info: Redefining \ldots on input line 486.
LaTeX Info: Redefining \dots on input line 489.
LaTeX Info: Redefining \cdots on input line 610.
\Mathstrutbox@=\box45
\strutbox@=\box46
\big@size=\dimen138
LaTeX Font Info:    Redeclaring font encoding OML on input line 733.
LaTeX Font Info:    Redeclaring font encoding OMS on input line 734.
\macc@depth=\count182
\c@MaxMatrixCols=\count183
\dotsspace@=\muskip16
\c@parentequation=\count184
\dspbrk@lvl=\count185
\tag@help=\toks18
\row@=\count186
\column@=\count187
\maxfields@=\count188
\andhelp@=\toks19
\eqnshift@=\dimen139
\alignsep@=\dimen140
\tagshift@=\dimen141
\tagwidth@=\dimen142
\totwidth@=\dimen143
\lineht@=\dimen144
\@envbody=\toks20
\multlinegap=\skip50
\multlinetaggap=\skip51
\mathdisplay@stack=\toks21
LaTeX Info: Redefining \[ on input line 2859.
LaTeX Info: Redefining \] on input line 2860.
)
(/nix/store/m1bwnvsl9za5cqnpp2i1s1y125gp4jpn-texlive-combined-full-2019/share/t
exmf/tex/latex/amscls/amsthm.sty
Package: amsthm 2017/10/31 v2.20.4
\thm@style=\toks22
\thm@bodyfont=\toks23
\thm@headfont=\toks24
\thm@notefont=\toks25
\thm@headpunct=\toks26
\thm@preskip=\skip52
\thm@postskip=\skip53
\thm@headsep=\skip54
\dth@everypar=\toks27
)
(/nix/store/m1bwnvsl9za5cqnpp2i1s1y125gp4jpn-texlive-combined-full-2019/share/t
exmf/tex/latex/amsfonts/amssymb.sty
Package: amssymb 2013/01/14 v3.01 AMS font symbols

(/nix/store/m1bwnvsl9za5cqnpp2i1s1y125gp4jpn-texlive-combined-full-2019/share/t
exmf/tex/latex/amsfonts/amsfonts.sty
Package: amsfonts 2013/01/14 v3.01 Basic AMSFonts support
\symAMSa=\mathgroup4
\symAMSb=\mathgroup5
LaTeX Font Info:    Redeclaring math symbol \hbar on input line 98.
LaTeX Font Info:    Overwriting math alphabet `\mathfrak' in version `bold'
(Font)                  U/euf/m/n --> U/euf/b/n on input line 106.
))
(/nix/store/m1bwnvsl9za5cqnpp2i1s1y125gp4jpn-texlive-combined-full-2019/share/t
exmf/tex/latex/tools/bm.sty
Package: bm 2019/07/24 v1.2d Bold Symbol Support (DPC/FMi)
\symboldoperators=\mathgroup6
\symboldletters=\mathgroup7
\symboldsymbols=\mathgroup8
LaTeX Font Info:    Redeclaring math alphabet \mathbf on input line 141.
LaTeX Info: Redefining \bm on input line 209.
)
\c@theorem=\count189
\c@corollary=\count190

(/nix/store/m1bwnvsl9za5cqnpp2i1s1y125gp4jpn-texlive-combined-full-2019/share/t
exmf/tex/latex/hyperref/hyperref.sty
Package: hyperref 2020/01/14 v7.00d Hypertext links for LaTeX

(/nix/store/m1bwnvsl9za5cqnpp2i1s1y125gp4jpn-texlive-combined-full-2019/share/t
exmf/tex/generic/ltxcmds/ltxcmds.sty
Package: ltxcmds 2019/12/15 v1.24 LaTeX kernel commands for general use (HO)
)
(/nix/store/m1bwnvsl9za5cqnpp2i1s1y125gp4jpn-texlive-combined-full-2019/share/t
exmf/tex/generic/iftex/iftex.sty
Package: iftex 2019/11/07 v1.0c TeX engine tests
)
(/nix/store/m1bwnvsl9za5cqnpp2i1s1y125gp4jpn-texlive-combined-full-2019/share/t
exmf/tex/latex/pdftexcmds/pdftexcmds.sty
Package: pdftexcmds 2019/11/24 v0.31 Utility functions of pdfTeX for LuaTeX (HO
)

(/nix/store/m1bwnvsl9za5cqnpp2i1s1y125gp4jpn-texlive-combined-full-2019/share/t
exmf/tex/generic/infwarerr/infwarerr.sty
Package: infwarerr 2019/12/03 v1.5 Providing info/warning/error messages (HO)
)
Package pdftexcmds Info: \pdf@primitive is available.
Package pdftexcmds Info: \pdf@ifprimitive is available.
Package pdftexcmds Info: \pdfdraftmode found.
)
(/nix/store/m1bwnvsl9za5cqnpp2i1s1y125gp4jpn-texlive-combined-full-2019/share/t
exmf/tex/latex/graphics/keyval.sty
Package: keyval 2014/10/28 v1.15 key=value parser (DPC)
\KV@toks@=\toks28
)
(/nix/store/m1bwnvsl9za5cqnpp2i1s1y125gp4jpn-texlive-combined-full-2019/share/t
exmf/tex/generic/kvsetkeys/kvsetkeys.sty
Package: kvsetkeys 2019/12/15 v1.18 Key value parser (HO)
)
(/nix/store/m1bwnvsl9za5cqnpp2i1s1y125gp4jpn-texlive-combined-full-2019/share/t
exmf/tex/generic/kvdefinekeys/kvdefinekeys.sty
Package: kvdefinekeys 2019-12-19 v1.6 Define keys (HO)
)
(/nix/store/m1bwnvsl9za5cqnpp2i1s1y125gp4jpn-texlive-combined-full-2019/share/t
exmf/tex/generic/pdfescape/pdfescape.sty
Package: pdfescape 2019/12/09 v1.15 Implements pdfTeX's escape features (HO)
)
(/nix/store/m1bwnvsl9za5cqnpp2i1s1y125gp4jpn-texlive-combined-full-2019/share/t
exmf/tex/latex/hycolor/hycolor.sty
Package: hycolor 2020-01-27 v1.10 Color options for hyperref/bookmark (HO)
)
(/nix/store/m1bwnvsl9za5cqnpp2i1s1y125gp4jpn-texlive-combined-full-2019/share/t
exmf/tex/latex/letltxmacro/letltxmacro.sty
Package: letltxmacro 2019/12/03 v1.6 Let assignment for LaTeX macros (HO)
)
(/nix/store/m1bwnvsl9za5cqnpp2i1s1y125gp4jpn-texlive-combined-full-2019/share/t
exmf/tex/latex/auxhook/auxhook.sty
Package: auxhook 2019-12-17 v1.6 Hooks for auxiliary files (HO)
)
(/nix/store/m1bwnvsl9za5cqnpp2i1s1y125gp4jpn-texlive-combined-full-2019/share/t
exmf/tex/latex/kvoptions/kvoptions.sty
Package: kvoptions 2019/11/29 v3.13 Key value format for package options (HO)
)
\@linkdim=\dimen145
\Hy@linkcounter=\count191
\Hy@pagecounter=\count192

(/nix/store/m1bwnvsl9za5cqnpp2i1s1y125gp4jpn-texlive-combined-full-2019/share/t
exmf/tex/latex/hyperref/pd1enc.def
File: pd1enc.def 2020/01/14 v7.00d Hyperref: PDFDocEncoding definition (HO)
Now handling font encoding PD1 ...
... no UTF-8 mapping file for font encoding PD1
)
(/nix/store/m1bwnvsl9za5cqnpp2i1s1y125gp4jpn-texlive-combined-full-2019/share/t
exmf/tex/generic/intcalc/intcalc.sty
Package: intcalc 2019/12/15 v1.3 Expandable calculations with integers (HO)
)
(/nix/store/m1bwnvsl9za5cqnpp2i1s1y125gp4jpn-texlive-combined-full-2019/share/t
exmf/tex/generic/etexcmds/etexcmds.sty
Package: etexcmds 2019/12/15 v1.7 Avoid name clashes with e-TeX commands (HO)
)
\Hy@SavedSpaceFactor=\count193
\pdfmajorversion=\count194
Package hyperref Info: Hyper figures OFF on input line 4547.
Package hyperref Info: Link nesting OFF on input line 4552.
Package hyperref Info: Hyper index ON on input line 4555.
Package hyperref Info: Plain pages OFF on input line 4562.
Package hyperref Info: Backreferencing OFF on input line 4567.
Package hyperref Info: Implicit mode ON; LaTeX internals redefined.
Package hyperref Info: Bookmarks ON on input line 4800.
\c@Hy@tempcnt=\count195

(/nix/store/m1bwnvsl9za5cqnpp2i1s1y125gp4jpn-texlive-combined-full-2019/share/t
exmf/tex/latex/url/url.sty
\Urlmuskip=\muskip17
Package: url 2013/09/16  ver 3.4  Verb mode for urls, etc.
)
LaTeX Info: Redefining \url on input line 5159.
\XeTeXLinkMargin=\dimen146

(/nix/store/m1bwnvsl9za5cqnpp2i1s1y125gp4jpn-texlive-combined-full-2019/share/t
exmf/tex/generic/bitset/bitset.sty
Package: bitset 2019/12/09 v1.3 Handle bit-vector datatype (HO)

(/nix/store/m1bwnvsl9za5cqnpp2i1s1y125gp4jpn-texlive-combined-full-2019/share/t
exmf/tex/generic/bigintcalc/bigintcalc.sty
Package: bigintcalc 2019/12/15 v1.5 Expandable calculations on big integers (HO
)
))
\Fld@menulength=\count196
\Field@Width=\dimen147
\Fld@charsize=\dimen148
Package hyperref Info: Hyper figures OFF on input line 6430.
Package hyperref Info: Link nesting OFF on input line 6435.
Package hyperref Info: Hyper index ON on input line 6438.
Package hyperref Info: backreferencing OFF on input line 6445.
Package hyperref Info: Link coloring OFF on input line 6450.
Package hyperref Info: Link coloring with OCG OFF on input line 6455.
Package hyperref Info: PDF/A mode OFF on input line 6460.
LaTeX Info: Redefining \ref on input line 6500.
LaTeX Info: Redefining \pageref on input line 6504.

(/nix/store/m1bwnvsl9za5cqnpp2i1s1y125gp4jpn-texlive-combined-full-2019/share/t
exmf/tex/generic/atbegshi/atbegshi.sty
Package: atbegshi 2019/12/05 v1.19 At begin shipout hook (HO)
)
\Hy@abspage=\count197
\c@Item=\count198
\c@Hfootnote=\count199
)
Package hyperref Info: Driver (autodetected): hpdftex.

(/nix/store/m1bwnvsl9za5cqnpp2i1s1y125gp4jpn-texlive-combined-full-2019/share/t
exmf/tex/latex/hyperref/hpdftex.def
File: hpdftex.def 2020/01/14 v7.00d Hyperref driver for pdfTeX

(/nix/store/m1bwnvsl9za5cqnpp2i1s1y125gp4jpn-texlive-combined-full-2019/share/t
exmf/tex/latex/atveryend/atveryend.sty
Package: atveryend 2019-12-11 v1.11 Hooks at the very end of document (HO)
Package atveryend Info: \enddocument detected (standard20110627).
)
\Fld@listcount=\count266
\c@bookmark@seq@number=\count267

(/nix/store/m1bwnvsl9za5cqnpp2i1s1y125gp4jpn-texlive-combined-full-2019/share/t
exmf/tex/latex/rerunfilecheck/rerunfilecheck.sty
Package: rerunfilecheck 2019/12/05 v1.9 Rerun checks for auxiliary files (HO)

(/nix/store/m1bwnvsl9za5cqnpp2i1s1y125gp4jpn-texlive-combined-full-2019/share/t
exmf/tex/generic/uniquecounter/uniquecounter.sty
Package: uniquecounter 2019/12/15 v1.4 Provide unlimited unique counter (HO)
)
Package uniquecounter Info: New unique counter `rerunfilecheck' on input line 2
86.
)
\Hy@SectionHShift=\skip55
)
(/nix/store/m1bwnvsl9za5cqnpp2i1s1y125gp4jpn-texlive-combined-full-2019/share/t
exmf/tex/latex/parskip/parskip.sty
Package: parskip 2020-01-22 v2.0d non-zero parskip adjustments

(/nix/store/m1bwnvsl9za5cqnpp2i1s1y125gp4jpn-texlive-combined-full-2019/share/t
exmf/tex/latex/etoolbox/etoolbox.sty
Package: etoolbox 2019/09/21 v2.5h e-TeX tools for LaTeX (JAW)
\etb@tempcnta=\count268
))
(/nix/store/m1bwnvsl9za5cqnpp2i1s1y125gp4jpn-texlive-combined-full-2019/share/t
exmf/tex/latex/abstract/abstract.sty
Package: abstract 2009/06/08 v1.2a configurable abstracts
\abstitleskip=\skip56
\absleftindent=\skip57
\absrightindent=\skip58
\absparindent=\skip59
\absparsep=\skip60
)
(/nix/store/m1bwnvsl9za5cqnpp2i1s1y125gp4jpn-texlive-combined-full-2019/share/t
exmf/tex/latex/graphics/graphicx.sty
Package: graphicx 2019/11/30 v1.2a Enhanced LaTeX Graphics (DPC,SPQR)

(/nix/store/m1bwnvsl9za5cqnpp2i1s1y125gp4jpn-texlive-combined-full-2019/share/t
exmf/tex/latex/graphics/graphics.sty
Package: graphics 2019/11/30 v1.4a Standard LaTeX Graphics (DPC,SPQR)

(/nix/store/m1bwnvsl9za5cqnpp2i1s1y125gp4jpn-texlive-combined-full-2019/share/t
exmf/tex/latex/graphics/trig.sty
Package: trig 2016/01/03 v1.10 sin cos tan (DPC)
)
(/nix/store/m1bwnvsl9za5cqnpp2i1s1y125gp4jpn-texlive-combined-full-2019/share/t
exmf/tex/latex/graphics-cfg/graphics.cfg
File: graphics.cfg 2016/06/04 v1.11 sample graphics configuration
)
Package graphics Info: Driver file: pdftex.def on input line 105.

(/nix/store/m1bwnvsl9za5cqnpp2i1s1y125gp4jpn-texlive-combined-full-2019/share/t
exmf/tex/latex/graphics-def/pdftex.def
File: pdftex.def 2018/01/08 v1.0l Graphics/color driver for pdftex
))
\Gin@req@height=\dimen149
\Gin@req@width=\dimen150
)
(/nix/store/m1bwnvsl9za5cqnpp2i1s1y125gp4jpn-texlive-combined-full-2019/share/t
exmf/tex/latex/algorithm2e/algorithm2e.sty
Package: algorithm2e 2017/07/18 v5.2 algorithms environments
\c@AlgoLine=\count269

(/nix/store/m1bwnvsl9za5cqnpp2i1s1y125gp4jpn-texlive-combined-full-2019/share/t
exmf/tex/latex/base/ifthen.sty
Package: ifthen 2014/09/29 v1.1c Standard LaTeX ifthen package (DPC)
)
\algocf@hangindent=\skip61

(/nix/store/m1bwnvsl9za5cqnpp2i1s1y125gp4jpn-texlive-combined-full-2019/share/t
exmf/tex/latex/ifoddpage/ifoddpage.sty
Package: ifoddpage 2016/04/23 v1.1 Conditionals for odd/even page detection
\c@checkoddpage=\count270
)
(/nix/store/m1bwnvsl9za5cqnpp2i1s1y125gp4jpn-texlive-combined-full-2019/share/t
exmf/tex/latex/tools/xspace.sty
Package: xspace 2014/10/28 v1.13 Space after command names (DPC,MH)
)
(/nix/store/m1bwnvsl9za5cqnpp2i1s1y125gp4jpn-texlive-combined-full-2019/share/t
exmf/tex/latex/relsize/relsize.sty
Package: relsize 2013/03/29 ver 4.1
)
\skiptotal=\skip62
\skiplinenumber=\skip63
\skiprule=\skip64
\skiphlne=\skip65
\skiptext=\skip66
\skiplength=\skip67
\algomargin=\skip68
\skipalgocfslide=\skip69
\algowidth=\dimen151
\inoutsize=\dimen152
\inoutindent=\dimen153
\interspacetitleruled=\dimen154
\interspacealgoruled=\dimen155
\interspacetitleboxruled=\dimen156
\algocf@ruledwidth=\skip70
\algocf@inoutbox=\box47
\algocf@inputbox=\box48
\AlCapSkip=\skip71
\AlCapHSkip=\skip72
\algoskipindent=\skip73
\algocf@nlbox=\box49
\algocf@hangingbox=\box50
\algocf@untilbox=\box51
\algocf@skipuntil=\skip74
\algocf@capbox=\box52
\algocf@lcaptionbox=\skip75
\algoheightruledefault=\skip76
\algoheightrule=\skip77
\algotitleheightruledefault=\skip78
\algotitleheightrule=\skip79
\c@algocfline=\count271
\c@algocfproc=\count272
\c@algocf=\count273
\algocf@algoframe=\box53
\algocf@algobox=\box54
)
(/nix/store/m1bwnvsl9za5cqnpp2i1s1y125gp4jpn-texlive-combined-full-2019/share/t
exmf/tex/latex/minted/minted.sty
Package: minted 2017/07/19 v2.5 Yet another Pygments shim for LaTeX

(/nix/store/m1bwnvsl9za5cqnpp2i1s1y125gp4jpn-texlive-combined-full-2019/share/t
exmf/tex/latex/fvextra/fvextra.sty
Package: fvextra 2019/02/04 v1.4 fvextra - extensions and patches for fancyvrb

(/nix/store/m1bwnvsl9za5cqnpp2i1s1y125gp4jpn-texlive-combined-full-2019/share/t
exmf/tex/latex/fancyvrb/fancyvrb.sty
Package: fancyvrb 2020/01/13 v3.5 verbatim text (tvz,hv)
\FV@CodeLineNo=\count274
\FV@InFile=\read3
\FV@TabBox=\box55
\c@FancyVerbLine=\count275
\FV@StepNumber=\count276
\FV@OutFile=\write3
)
(/nix/store/m1bwnvsl9za5cqnpp2i1s1y125gp4jpn-texlive-combined-full-2019/share/t
exmf/tex/latex/upquote/upquote.sty
Package: upquote 2012/04/19 v1.3 upright-quote and grave-accent glyphs in verba
tim
)
(/nix/store/m1bwnvsl9za5cqnpp2i1s1y125gp4jpn-texlive-combined-full-2019/share/t
exmf/tex/latex/lineno/lineno.sty
Package: lineno 2005/11/02 line numbers on paragraphs v4.41
\linenopenalty=\count277
\output=\toks29
\linenoprevgraf=\count278
\linenumbersep=\dimen157
\linenumberwidth=\dimen158
\c@linenumber=\count279
\c@pagewiselinenumber=\count280
\c@LN@truepage=\count281
\c@internallinenumber=\count282
\c@internallinenumbers=\count283
\quotelinenumbersep=\dimen159
\bframerule=\dimen160
\bframesep=\dimen161
\bframebox=\box56
LaTeX Info: Redefining \\ on input line 3056.
)
\c@FV@TrueTabGroupLevel=\count284
\c@FV@TrueTabCounter=\count285
\FV@TabBox@Group=\box57
\FV@TmpLength=\skip80
\c@FV@HighlightLinesStart=\count286
\c@FV@HighlightLinesStop=\count287
\FV@LoopCount=\count288
\FV@NCharsBox=\box58
\FV@BreakIndent=\dimen162
\FV@BreakIndentNChars=\count289
\FV@BreakSymbolSepLeft=\dimen163
\FV@BreakSymbolSepLeftNChars=\count290
\FV@BreakSymbolSepRight=\dimen164
\FV@BreakSymbolSepRightNChars=\count291
\FV@BreakSymbolIndentLeft=\dimen165
\FV@BreakSymbolIndentLeftNChars=\count292
\FV@BreakSymbolIndentRight=\dimen166
\FV@BreakSymbolIndentRightNChars=\count293
\c@FancyVerbLineBreakLast=\count294
\FV@LineBox=\box59
\FV@LineIndentBox=\box60
\FV@LineWidth=\dimen167
)
(/nix/store/m1bwnvsl9za5cqnpp2i1s1y125gp4jpn-texlive-combined-full-2019/share/t
exmf/tex/latex/tools/calc.sty
Package: calc 2017/05/25 v4.3 Infix arithmetic (KKT,FJ)
\calc@Acount=\count295
\calc@Bcount=\count296
\calc@Adimen=\dimen168
\calc@Bdimen=\dimen169
\calc@Askip=\skip81
\calc@Bskip=\skip82
LaTeX Info: Redefining \setlength on input line 80.
LaTeX Info: Redefining \addtolength on input line 81.
\calc@Ccount=\count297
\calc@Cskip=\skip83
)
(/nix/store/m1bwnvsl9za5cqnpp2i1s1y125gp4jpn-texlive-combined-full-2019/share/t
exmf/tex/latex/tools/shellesc.sty
Package: shellesc 2019/11/08 v1.0c unified shell escape interface for LaTeX
Package shellesc Info: Unrestricted shell escape enabled on input line 75.
)
(/nix/store/m1bwnvsl9za5cqnpp2i1s1y125gp4jpn-texlive-combined-full-2019/share/t
exmf/tex/latex/ifplatform/ifplatform.sty
Package: ifplatform 2017/10/13 v0.4a Testing for the operating system

(/nix/store/m1bwnvsl9za5cqnpp2i1s1y125gp4jpn-texlive-combined-full-2019/share/t
exmf/tex/generic/catchfile/catchfile.sty
Package: catchfile 2019/12/09 v1.8 Catch the contents of a file (HO)
)
(/nix/store/m1bwnvsl9za5cqnpp2i1s1y125gp4jpn-texlive-combined-full-2019/share/t
exmf/tex/generic/iftex/ifluatex.sty
Package: ifluatex 2019/10/25 v1.5 ifluatex legacy package. Use iftex instead.
)
runsystem(uname -s > "report.w18")...executed.

 (./report.w18)
runsystem(rm -- "report.w18")...executed.

)
(/nix/store/m1bwnvsl9za5cqnpp2i1s1y125gp4jpn-texlive-combined-full-2019/share/t
exmf/tex/generic/xstring/xstring.sty
(/nix/store/m1bwnvsl9za5cqnpp2i1s1y125gp4jpn-texlive-combined-full-2019/share/t
exmf/tex/generic/xstring/xstring.tex
\integerpart=\count298
\decimalpart=\count299
)
Package: xstring 2019/02/06 v1.83 String manipulations (CT)
)
(/nix/store/m1bwnvsl9za5cqnpp2i1s1y125gp4jpn-texlive-combined-full-2019/share/t
exmf/tex/latex/framed/framed.sty
Package: framed 2011/10/22 v 0.96: framed or shaded text with page breaks
\OuterFrameSep=\skip84
\fb@frw=\dimen170
\fb@frh=\dimen171
\FrameRule=\dimen172
\FrameSep=\dimen173
)
(/nix/store/m1bwnvsl9za5cqnpp2i1s1y125gp4jpn-texlive-combined-full-2019/share/t
exmf/tex/latex/float/float.sty
Package: float 2001/11/08 v1.3d Float enhancements (AL)
\c@float@type=\count300
\float@exts=\toks30
\float@box=\box61
\@float@everytoks=\toks31
\@floatcapt=\box62
)
\minted@appexistsfile=\read4
\minted@bgbox=\box63
\minted@code=\write4
\c@minted@FancyVerbLineTemp=\count301
\c@minted@pygmentizecounter=\count302
\@float@every@listing=\toks32
\c@listing=\count303
)
runsystem(mkdir -p _minted-report)...executed.


(/nix/store/m1bwnvsl9za5cqnpp2i1s1y125gp4jpn-texlive-combined-full-2019/share/t
exmf/tex/latex/xcolor/xcolor.sty
Package: xcolor 2016/05/11 v2.12 LaTeX color extensions (UK)

(/nix/store/m1bwnvsl9za5cqnpp2i1s1y125gp4jpn-texlive-combined-full-2019/share/t
exmf/tex/latex/graphics-cfg/color.cfg
File: color.cfg 2016/01/02 v1.6 sample color configuration
)
Package xcolor Info: Driver file: pdftex.def on input line 225.
Package xcolor Info: Model `cmy' substituted by `cmy0' on input line 1348.
Package xcolor Info: Model `hsb' substituted by `rgb' on input line 1352.
Package xcolor Info: Model `RGB' extended on input line 1364.
Package xcolor Info: Model `HTML' substituted by `rgb' on input line 1366.
Package xcolor Info: Model `Hsb' substituted by `hsb' on input line 1367.
Package xcolor Info: Model `tHsb' substituted by `hsb' on input line 1368.
Package xcolor Info: Model `HSB' substituted by `hsb' on input line 1369.
Package xcolor Info: Model `Gray' substituted by `gray' on input line 1370.
Package xcolor Info: Model `wave' substituted by `hsb' on input line 1371.
)
(/nix/store/m1bwnvsl9za5cqnpp2i1s1y125gp4jpn-texlive-combined-full-2019/share/t
exmf/tex/latex/glossaries/base/glossaries.sty
Package: glossaries 2020/02/13 v4.45 (NLCT)

(/nix/store/m1bwnvsl9za5cqnpp2i1s1y125gp4jpn-texlive-combined-full-2019/share/t
exmf/tex/latex/xkeyval/xkeyval.sty
Package: xkeyval 2014/12/03 v2.7a package option processing (HA)

(/nix/store/m1bwnvsl9za5cqnpp2i1s1y125gp4jpn-texlive-combined-full-2019/share/t
exmf/tex/generic/xkeyval/xkeyval.tex
(/nix/store/m1bwnvsl9za5cqnpp2i1s1y125gp4jpn-texlive-combined-full-2019/share/t
exmf/tex/generic/xkeyval/xkvutils.tex
\XKV@toks=\toks33
\XKV@tempa@toks=\toks34
)
\XKV@depth=\count304
File: xkeyval.tex 2014/12/03 v2.7a key=value parser (HA)
))
(/nix/store/m1bwnvsl9za5cqnpp2i1s1y125gp4jpn-texlive-combined-full-2019/share/t
exmf/tex/latex/mfirstuc/mfirstuc.sty
Package: mfirstuc 2017/11/14 v2.06 (NLCT)
\@glsmfirst=\toks35
\@glsmrest=\toks36
)
(/nix/store/m1bwnvsl9za5cqnpp2i1s1y125gp4jpn-texlive-combined-full-2019/share/t
exmf/tex/latex/textcase/textcase.sty
Package: textcase 2019/09/14 v1.00 Text only upper/lower case changing (DPC)
)
(/nix/store/m1bwnvsl9za5cqnpp2i1s1y125gp4jpn-texlive-combined-full-2019/share/t
exmf/tex/latex/xfor/xfor.sty
Package: xfor 2009/02/05 v1.05 (NLCT)
)
(/nix/store/m1bwnvsl9za5cqnpp2i1s1y125gp4jpn-texlive-combined-full-2019/share/t
exmf/tex/latex/datatool/datatool-base.sty
Package: datatool-base 2019/09/27 v2.32 (NLCT)

(/nix/store/m1bwnvsl9za5cqnpp2i1s1y125gp4jpn-texlive-combined-full-2019/share/t
exmf/tex/latex/substr/substr.sty
Package: substr 2009/10/20 v1.2 Handle substrings
\c@su@anzahl=\count305
)
(/nix/store/m1bwnvsl9za5cqnpp2i1s1y125gp4jpn-texlive-combined-full-2019/share/t
exmf/tex/latex/datatool/datatool-fp.sty
Package: datatool-fp 2019/09/27 v2.32 (NLCT)

(/nix/store/m1bwnvsl9za5cqnpp2i1s1y125gp4jpn-texlive-combined-full-2019/share/t
exmf/tex/latex/fp/fp.sty
Package: fp 1995/04/02

`Fixed Point Package', Version 0.8, April 2, 1995 (C) Michael Mehlich
(/nix/store/m1bwnvsl9za5cqnpp2i1s1y125gp4jpn-texlive-combined-full-2019/share/t
exmf/tex/latex/fp/defpattern.sty
Package: defpattern 1994/10/12
\actioncount=\count306
)
(/nix/store/m1bwnvsl9za5cqnpp2i1s1y125gp4jpn-texlive-combined-full-2019/share/t
exmf/tex/latex/fp/fp-basic.sty
Package: fp-basic 1996/05/13
\FP@xs=\count307
\FP@xia=\count308
\FP@xib=\count309
\FP@xfa=\count310
\FP@xfb=\count311
\FP@rega=\count312
\FP@regb=\count313
\FP@regs=\count314
\FP@times=\count315
)
(/nix/store/m1bwnvsl9za5cqnpp2i1s1y125gp4jpn-texlive-combined-full-2019/share/t
exmf/tex/latex/fp/fp-addons.sty
Package: fp-addons 1995/03/15
)
(/nix/store/m1bwnvsl9za5cqnpp2i1s1y125gp4jpn-texlive-combined-full-2019/share/t
exmf/tex/latex/fp/fp-snap.sty
Package: fp-snap 1995/04/05
)
(/nix/store/m1bwnvsl9za5cqnpp2i1s1y125gp4jpn-texlive-combined-full-2019/share/t
exmf/tex/latex/fp/fp-exp.sty
Package: fp-exp 1995/04/03
)
(/nix/store/m1bwnvsl9za5cqnpp2i1s1y125gp4jpn-texlive-combined-full-2019/share/t
exmf/tex/latex/fp/fp-trigo.sty
Package: fp-trigo 1995/04/14
)
(/nix/store/m1bwnvsl9za5cqnpp2i1s1y125gp4jpn-texlive-combined-full-2019/share/t
exmf/tex/latex/fp/fp-pas.sty
Package: fp-pas 1994/08/29
)
(/nix/store/m1bwnvsl9za5cqnpp2i1s1y125gp4jpn-texlive-combined-full-2019/share/t
exmf/tex/latex/fp/fp-random.sty
Package: fp-random 1995/02/23
\FPseed=\count316
)
(/nix/store/m1bwnvsl9za5cqnpp2i1s1y125gp4jpn-texlive-combined-full-2019/share/t
exmf/tex/latex/fp/fp-eqn.sty
Package: fp-eqn 1995/04/03
)
(/nix/store/m1bwnvsl9za5cqnpp2i1s1y125gp4jpn-texlive-combined-full-2019/share/t
exmf/tex/latex/fp/fp-upn.sty
Package: fp-upn 1996/10/21
)
(/nix/store/m1bwnvsl9za5cqnpp2i1s1y125gp4jpn-texlive-combined-full-2019/share/t
exmf/tex/latex/fp/fp-eval.sty
Package: fp-eval 1995/04/03
)))
\@dtl@toks=\toks37
\@dtl@tmpcount=\count317
\dtl@tmplength=\skip85
\dtl@sortresult=\count318
\@dtl@numgrpsepcount=\count319
\@dtl@datatype=\count320
\dtl@codeA=\count321
\dtl@codeB=\count322
\@dtl@foreach@level=\count323
)
(/nix/store/m1bwnvsl9za5cqnpp2i1s1y125gp4jpn-texlive-combined-full-2019/share/t
exmf/tex/latex/glossaries/base/glossaries-compatible-307.sty
Package: glossaries-compatible-307 2020/02/13 v4.45 (NLCT)
)
(/nix/store/m1bwnvsl9za5cqnpp2i1s1y125gp4jpn-texlive-combined-full-2019/share/t
exmf/tex/latex/tracklang/tracklang.sty
Package: tracklang 2019/11/30 v1.4 (NLCT) Track Languages

(/nix/store/m1bwnvsl9za5cqnpp2i1s1y125gp4jpn-texlive-combined-full-2019/share/t
exmf/tex/generic/tracklang/tracklang.tex))
(/nix/store/m1bwnvsl9za5cqnpp2i1s1y125gp4jpn-texlive-combined-full-2019/share/t
exmf/tex/latex/translator/translator.sty
Package: translator 2019-05-31 v1.12a Easy translation of strings in LaTeX
)
(/nix/store/m1bwnvsl9za5cqnpp2i1s1y125gp4jpn-texlive-combined-full-2019/share/t
exmf/tex/latex/glossaries-english/glossaries-english.ldf
File: glossaries-english.ldf 2014/11/23 v1.0
)
\gls@level=\count324
\@gls@tmpb=\toks38
\gls@tmplen=\skip86
\glskeylisttok=\toks39
\glslabeltok=\toks40
\glsshorttok=\toks41
\glslongtok=\toks42

(/nix/store/m1bwnvsl9za5cqnpp2i1s1y125gp4jpn-texlive-combined-full-2019/share/t
exmf/tex/latex/glossaries/styles/glossary-hypernav.sty
Package: glossary-hypernav 2020/02/13 v4.45 (NLCT)
)
(/nix/store/m1bwnvsl9za5cqnpp2i1s1y125gp4jpn-texlive-combined-full-2019/share/t
exmf/tex/latex/glossaries/styles/glossary-list.sty
Package: glossary-list 2020/02/13 v4.45 (NLCT)
\glslistdottedwidth=\skip87
)
(/nix/store/m1bwnvsl9za5cqnpp2i1s1y125gp4jpn-texlive-combined-full-2019/share/t
exmf/tex/latex/glossaries/styles/glossary-long.sty
Package: glossary-long 2020/02/13 v4.45 (NLCT)

(/nix/store/m1bwnvsl9za5cqnpp2i1s1y125gp4jpn-texlive-combined-full-2019/share/t
exmf/tex/latex/tools/longtable.sty
Package: longtable 2020/01/07 v4.13 Multi-page Table package (DPC)
\LTleft=\skip88
\LTright=\skip89
\LTpre=\skip90
\LTpost=\skip91
\LTchunksize=\count325
\LTcapwidth=\dimen174
\LT@head=\box64
\LT@firsthead=\box65
\LT@foot=\box66
\LT@lastfoot=\box67
\LT@cols=\count326
\LT@rows=\count327
\c@LT@tables=\count328
\c@LT@chunks=\count329
\LT@p@ftn=\toks43
)
\glsdescwidth=\skip92
\glspagelistwidth=\skip93
)
(/nix/store/m1bwnvsl9za5cqnpp2i1s1y125gp4jpn-texlive-combined-full-2019/share/t
exmf/tex/latex/glossaries/styles/glossary-super.sty
Package: glossary-super 2020/02/13 v4.45 (NLCT)

(/nix/store/m1bwnvsl9za5cqnpp2i1s1y125gp4jpn-texlive-combined-full-2019/share/t
exmf/tex/latex/supertabular/supertabular.sty
Package: supertabular 2020/02/02 v4.1g the supertabular environment
\c@tracingst=\count330
\ST@wd=\dimen175
\ST@rightskip=\skip94
\ST@leftskip=\skip95
\ST@parfillskip=\skip96
\ST@pageleft=\dimen176
\ST@headht=\dimen177
\ST@tailht=\dimen178
\ST@pagesofar=\dimen179
\ST@pboxht=\dimen180
\ST@lineht=\dimen181
\ST@prevht=\dimen182
\ST@toadd=\dimen183
\ST@dimen=\dimen184
\ST@pbox=\box68
))
(/nix/store/m1bwnvsl9za5cqnpp2i1s1y125gp4jpn-texlive-combined-full-2019/share/t
exmf/tex/latex/glossaries/styles/glossary-tree.sty
Package: glossary-tree 2020/02/13 v4.45 (NLCT)
\glstreeindent=\skip97
))
(/nix/store/m1bwnvsl9za5cqnpp2i1s1y125gp4jpn-texlive-combined-full-2019/share/t
exmf/tex/latex/enumitem/enumitem.sty
Package: enumitem 2019/06/20 v3.9 Customized lists
\labelindent=\skip98
\enit@outerparindent=\dimen185
\enit@toks=\toks44
\enit@inbox=\box69
\enit@count@id=\count331
\enitdp@description=\count332
)
(/nix/store/m1bwnvsl9za5cqnpp2i1s1y125gp4jpn-texlive-combined-full-2019/share/t
exmf/tex/latex/fancyhdr/fancyhdr.sty
Package: fancyhdr 2019/01/31 v3.10 Extensive control of page headers and footer
s
\f@nch@headwidth=\skip99
\f@nch@O@elh=\skip100
\f@nch@O@erh=\skip101
\f@nch@O@olh=\skip102
\f@nch@O@orh=\skip103
\f@nch@O@elf=\skip104
\f@nch@O@erf=\skip105
\f@nch@O@olf=\skip106
\f@nch@O@orf=\skip107
)
runsystem(which pygmentize && touch report.aex)...executed.

runsystem(rm report.aex)...executed.


(/nix/store/m1bwnvsl9za5cqnpp2i1s1y125gp4jpn-texlive-combined-full-2019/share/t
exmf/tex/latex/l3backend/l3backend-pdfmode.def
File: l3backend-pdfmode.def 2020-02-23 L3 backend support: PDF mode
\l__kernel_color_stack_int=\count333
\l__pdf_internal_box=\box70
) (./report.aux)
\openout1 = `report.aux'.

LaTeX Font Info:    Checking defaults for OML/cmm/m/it on input line 109.
LaTeX Font Info:    ... okay on input line 109.
LaTeX Font Info:    Checking defaults for OMS/cmsy/m/n on input line 109.
LaTeX Font Info:    ... okay on input line 109.
LaTeX Font Info:    Checking defaults for OT1/cmr/m/n on input line 109.
LaTeX Font Info:    ... okay on input line 109.
LaTeX Font Info:    Checking defaults for T1/cmr/m/n on input line 109.
LaTeX Font Info:    ... okay on input line 109.
LaTeX Font Info:    Checking defaults for TS1/cmr/m/n on input line 109.
LaTeX Font Info:    ... okay on input line 109.
LaTeX Font Info:    Checking defaults for OMX/cmex/m/n on input line 109.
LaTeX Font Info:    ... okay on input line 109.
LaTeX Font Info:    Checking defaults for U/cmr/m/n on input line 109.
LaTeX Font Info:    ... okay on input line 109.
LaTeX Font Info:    Checking defaults for PD1/pdf/m/n on input line 109.
LaTeX Font Info:    ... okay on input line 109.
\AtBeginShipoutBox=\box71
Package hyperref Info: Link coloring OFF on input line 109.

(/nix/store/m1bwnvsl9za5cqnpp2i1s1y125gp4jpn-texlive-combined-full-2019/share/t
exmf/tex/latex/hyperref/nameref.sty
Package: nameref 2019/09/16 v2.46 Cross-referencing by name of section

(/nix/store/m1bwnvsl9za5cqnpp2i1s1y125gp4jpn-texlive-combined-full-2019/share/t
exmf/tex/latex/refcount/refcount.sty
Package: refcount 2019/12/15 v3.6 Data extraction from label references (HO)
)
(/nix/store/m1bwnvsl9za5cqnpp2i1s1y125gp4jpn-texlive-combined-full-2019/share/t
exmf/tex/generic/gettitlestring/gettitlestring.sty
Package: gettitlestring 2019/12/15 v1.6 Cleanup title references (HO)
)
\c@section@level=\count334
)
LaTeX Info: Redefining \ref on input line 109.
LaTeX Info: Redefining \pageref on input line 109.
LaTeX Info: Redefining \nameref on input line 109.
 (./report.out)
(./report.out)
\@outlinefile=\write5
\openout5 = `report.out'.


(/nix/store/m1bwnvsl9za5cqnpp2i1s1y125gp4jpn-texlive-combined-full-2019/share/t
exmf/tex/context/base/mkii/supp-pdf.mkii
[Loading MPS to PDF converter (version 2006.09.02).]
\scratchcounter=\count335
\scratchdimen=\dimen186
\scratchbox=\box72
\nofMPsegments=\count336
\nofMParguments=\count337
\everyMPshowfont=\toks45
\MPscratchCnt=\count338
\MPscratchDim=\dimen187
\MPnumerator=\count339
\makeMPintoPDFobject=\count340
\everyMPtoPDFconversion=\toks46
)
(/nix/store/m1bwnvsl9za5cqnpp2i1s1y125gp4jpn-texlive-combined-full-2019/share/t
exmf/tex/latex/epstopdf-pkg/epstopdf-base.sty
Package: epstopdf-base 2020-01-24 v2.11 Base part for package epstopdf
Package epstopdf-base Info: Redefining graphics rule for `.eps' on input line 4
85.

(/nix/store/m1bwnvsl9za5cqnpp2i1s1y125gp4jpn-texlive-combined-full-2019/share/t
exmf/tex/latex/latexconfig/epstopdf-sys.cfg
File: epstopdf-sys.cfg 2010/07/13 v1.3 Configuration of (r)epstopdf for TeX Liv
e
))
LaTeX Font Info:    Trying to load font information for U+msa on input line 112
.

(/nix/store/m1bwnvsl9za5cqnpp2i1s1y125gp4jpn-texlive-combined-full-2019/share/t
exmf/tex/latex/amsfonts/umsa.fd
File: umsa.fd 2013/01/14 v3.01 AMS symbols A
)
LaTeX Font Info:    Trying to load font information for U+msb on input line 112
.

(/nix/store/m1bwnvsl9za5cqnpp2i1s1y125gp4jpn-texlive-combined-full-2019/share/t
exmf/tex/latex/amsfonts/umsb.fd
File: umsb.fd 2013/01/14 v3.01 AMS symbols B
)
Overfull \hbox (12.00632pt too wide) in paragraph at lines 118--119
\OT1/cmr/m/n/12 The cho-sen pa-per, in fact a book, is []. 
 []

[1

{/nix/store/m1bwnvsl9za5cqnpp2i1s1y125gp4jpn-texlive-combined-full-2019/share/t
exmf-var/fonts/map/pdftex/updmap/pdftex.map}]

Package Fancyhdr Warning: \headheight is too small (12.0pt): 
Make it at least 14.49998pt.
We now make it that large for the rest of the document.
This may cause the page layout to be inconsistent, however.

[2] (./_minted-report/default-pyg-prefix.pygstyle)
(./_minted-report/default.pygstyle)
(./_minted-report/55A0BF10F62879D9FB50DF945AE056E05A9B02C41B98D8D3B8AF720307949
D74.pygtex
LaTeX Font Info:    Font shape `OT1/cmtt/bx/n' in size <12> not available
(Font)              Font shape `OT1/cmtt/m/n' tried instead on input line 2.
)
Package hyperref Info: bookmark level for unknown listing defaults to 0 on inpu
t line 188.


LaTeX Warning: `h' float specifier changed to `ht'.

[3] [4] [5] [6] [7] (./report.bbl)
Package atveryend Info: Empty hook `BeforeClearDocument' on input line 324.
 [8]
Package atveryend Info: Empty hook `AfterLastShipout' on input line 324.
 (./report.aux)
Package atveryend Info: Executing hook `AtVeryEndDocument' on input line 324.
Package atveryend Info: Executing hook `AtEndAfterFileList' on input line 324.
Package rerunfilecheck Info: File `report.out' has not changed.
(rerunfilecheck)             Checksum: 6AF4949C172BD030B31AAB9AC4519270;980.
Package atveryend Info: Empty hook `AtVeryVeryEnd' on input line 324.
 ) 
Here is how much of TeX's memory you used:
 18050 strings out of 480994
 324455 string characters out of 5888646
 691744 words of memory out of 5000000
 33160 multiletter control sequences out of 15000+600000
 546870 words of font info for 77 fonts, out of 8000000 for 9000
 1141 hyphenation exceptions out of 8191
 51i,12n,45p,982b,516s stack positions out of 5000i,500n,10000p,200000b,80000s
{/nix/store/m1bwnvsl9za5cqnpp2i1s1y125gp4jpn-texlive-combined-full-2019/share
/texmf/fonts/enc/dvips/cm-super/cm-super-ts1.enc}</nix/store/m1bwnvsl9za5cqnpp2
i1s1y125gp4jpn-texlive-combined-full-2019/share/texmf/fonts/type1/public/amsfon
ts/cm/cmbx12.pfb></nix/store/m1bwnvsl9za5cqnpp2i1s1y125gp4jpn-texlive-combined-
full-2019/share/texmf/fonts/type1/public/amsfonts/cm/cmex10.pfb></nix/store/m1b
wnvsl9za5cqnpp2i1s1y125gp4jpn-texlive-combined-full-2019/share/texmf/fonts/type
1/public/amsfonts/cm/cmmi12.pfb></nix/store/m1bwnvsl9za5cqnpp2i1s1y125gp4jpn-te
xlive-combined-full-2019/share/texmf/fonts/type1/public/amsfonts/cm/cmmi8.pfb><
/nix/store/m1bwnvsl9za5cqnpp2i1s1y125gp4jpn-texlive-combined-full-2019/share/te
xmf/fonts/type1/public/amsfonts/cm/cmr12.pfb></nix/store/m1bwnvsl9za5cqnpp2i1s1
y125gp4jpn-texlive-combined-full-2019/share/texmf/fonts/type1/public/amsfonts/c
m/cmr17.pfb></nix/store/m1bwnvsl9za5cqnpp2i1s1y125gp4jpn-texlive-combined-full-
2019/share/texmf/fonts/type1/public/amsfonts/cm/cmr8.pfb></nix/store/m1bwnvsl9z
a5cqnpp2i1s1y125gp4jpn-texlive-combined-full-2019/share/texmf/fonts/type1/publi
c/amsfonts/cm/cmsy10.pfb></nix/store/m1bwnvsl9za5cqnpp2i1s1y125gp4jpn-texlive-c
ombined-full-2019/share/texmf/fonts/type1/public/amsfonts/cm/cmsy8.pfb></nix/st
ore/m1bwnvsl9za5cqnpp2i1s1y125gp4jpn-texlive-combined-full-2019/share/texmf/fon
ts/type1/public/amsfonts/cm/cmti12.pfb></nix/store/m1bwnvsl9za5cqnpp2i1s1y125gp
4jpn-texlive-combined-full-2019/share/texmf/fonts/type1/public/amsfonts/cm/cmtt
12.pfb></nix/store/m1bwnvsl9za5cqnpp2i1s1y125gp4jpn-texlive-combined-full-2019/
share/texmf/fonts/type1/public/cm-super/sfrm1200.pfb>
Output written on report.pdf (8 pages, 144619 bytes).
PDF statistics:
 163 PDF objects out of 1000 (max. 8388607)
 139 compressed objects within 2 object streams
 30 named destinations out of 1000 (max. 500000)
 105 words of extra memory for PDF output out of 10000 (max. 10000000)

